2018-12-18 11:19:04 - PHP Notice:  Undefined index: email in /var/www/html/nascenture/admin/controller/extension/module/elfsight_testimonials_slider.php on line 42
2018-12-18 11:19:04 - PHP Notice:  Undefined index: reason_id in /var/www/html/nascenture/admin/controller/extension/module/elfsight_testimonials_slider.php on line 43
2018-12-18 11:19:04 - PHP Notice:  Undefined index: reason_id in /var/www/html/nascenture/admin/controller/extension/module/elfsight_testimonials_slider.php on line 43
2018-12-18 11:19:04 - PHP Notice:  Undefined index: email in /var/www/html/nascenture/admin/controller/extension/module/testimonials-slider-assets/reasons.php on line 2
2018-12-18 11:19:04 - PHP Notice:  Undefined index: reason_id in /var/www/html/nascenture/admin/controller/extension/module/elfsight_testimonials_slider.php on line 65
2018-12-18 11:19:04 - PHP Notice:  Undefined index: reason_id in /var/www/html/nascenture/admin/controller/extension/module/elfsight_testimonials_slider.php on line 65
2018-12-18 11:19:10 - PHP Notice:  Undefined index: email in /var/www/html/nascenture/admin/controller/extension/module/elfsight_testimonials_slider.php on line 90
2018-12-18 11:19:10 - PHP Notice:  Undefined index: reason_id in /var/www/html/nascenture/admin/controller/extension/module/elfsight_testimonials_slider.php on line 94
2018-12-18 11:19:10 - PHP Notice:  Undefined index:  in /var/www/html/nascenture/admin/controller/extension/module/elfsight_testimonials_slider.php on line 95
2018-12-18 11:19:10 - PHP Notice:  Undefined index:  in /var/www/html/nascenture/admin/controller/extension/module/elfsight_testimonials_slider.php on line 133
2018-12-18 11:19:10 - PHP Notice:  Undefined index: reason_message in /var/www/html/nascenture/admin/controller/extension/module/elfsight_testimonials_slider.php on line 134
2018-12-18 11:29:56 - PHP Warning:  array_merge(): Argument #2 is not an array in /var/www/html/nascenture/admin/controller/extension/module/pavtestimonial.php on line 121
2018-12-18 11:31:06 - PHP Warning:  array_merge(): Argument #2 is not an array in /var/www/html/nascenture/admin/controller/extension/module/pavtestimonial.php on line 121
2018-12-18 11:31:59 - PHP Warning:  array_merge(): Argument #2 is not an array in /var/www/html/nascenture/admin/controller/extension/module/pavtestimonial.php on line 121
2018-12-18 11:34:30 - PHP Warning:  array_merge(): Argument #2 is not an array in /var/www/html/nascenture/admin/controller/extension/module/pavtestimonial.php on line 121
2018-12-18 11:55:32 - PHP Notice:  Undefined index: text in /var/www/html/nascenture/admin/controller/catalog/review.php on line 271
2018-12-18 12:27:24 - PHP Warning:  array_merge(): Argument #2 is not an array in /var/www/html/nascenture/admin/controller/extension/module/pavtestimonial.php on line 121
2018-12-18 12:27:47 - PHP Warning:  array_merge(): Argument #2 is not an array in /var/www/html/nascenture/admin/controller/extension/module/pavtestimonial.php on line 121
2018-12-18 12:27:47 - PHP Warning:  array_merge(): Argument #2 is not an array in /var/www/html/nascenture/admin/controller/extension/module/pavtestimonial.php on line 121
2018-12-18 12:28:22 - PHP Warning:  array_merge(): Argument #2 is not an array in /var/www/html/nascenture/admin/controller/extension/module/pavtestimonial.php on line 121
2018-12-18 12:32:13 - PHP Warning:  array_merge(): Argument #2 is not an array in /var/www/html/nascenture/admin/controller/extension/module/pavtestimonial.php on line 121
2018-12-18 12:33:05 - PHP Warning:  array_merge(): Argument #2 is not an array in /var/www/html/nascenture/admin/controller/extension/module/pavtestimonial.php on line 121
2018-12-18 13:09:02 - PHP Warning:  array_merge(): Argument #2 is not an array in /var/www/html/nascenture/admin/controller/extension/module/pavtestimonial.php on line 121
2018-12-19 4:11:15 - PHP Notice:  Undefined index: email in /var/www/html/nascenture/admin/controller/extension/module/elfsight_testimonials_slider.php on line 42
2018-12-19 4:11:15 - PHP Notice:  Undefined index: reason_id in /var/www/html/nascenture/admin/controller/extension/module/elfsight_testimonials_slider.php on line 43
2018-12-19 4:11:15 - PHP Notice:  Undefined index: reason_id in /var/www/html/nascenture/admin/controller/extension/module/elfsight_testimonials_slider.php on line 43
2018-12-19 4:11:15 - PHP Notice:  Undefined index: email in /var/www/html/nascenture/admin/controller/extension/module/testimonials-slider-assets/reasons.php on line 2
2018-12-19 4:11:15 - PHP Notice:  Undefined index: reason_id in /var/www/html/nascenture/admin/controller/extension/module/elfsight_testimonials_slider.php on line 65
2018-12-19 4:11:15 - PHP Notice:  Undefined index: reason_id in /var/www/html/nascenture/admin/controller/extension/module/elfsight_testimonials_slider.php on line 65
2018-12-19 4:11:16 - PHP Notice:  Undefined index: email in /var/www/html/nascenture/admin/controller/extension/module/elfsight_testimonials_slider.php on line 90
2018-12-19 4:11:16 - PHP Notice:  Undefined index: reason_id in /var/www/html/nascenture/admin/controller/extension/module/elfsight_testimonials_slider.php on line 94
2018-12-19 4:11:16 - PHP Notice:  Undefined index:  in /var/www/html/nascenture/admin/controller/extension/module/elfsight_testimonials_slider.php on line 95
2018-12-19 4:11:16 - PHP Notice:  Undefined index:  in /var/www/html/nascenture/admin/controller/extension/module/elfsight_testimonials_slider.php on line 133
2018-12-19 4:11:16 - PHP Notice:  Undefined index: reason_message in /var/www/html/nascenture/admin/controller/extension/module/elfsight_testimonials_slider.php on line 134
2018-12-19 4:22:29 - PHP Warning:  array_merge(): Argument #2 is not an array in /var/www/html/nascenture/admin/controller/extension/module/pavtestimonial.php on line 121
2018-12-19 4:35:48 - PHP Warning:  array_merge(): Argument #2 is not an array in /var/www/html/nascenture/admin/controller/extension/module/pavtestimonial.php on line 121
2018-12-19 5:44:40 - PHP Warning:  require(./controller/extension/module/testimonials-slider-assets/reasons.php): failed to open stream: No such file or directory in /var/www/html/nascenture/admin/controller/extension/module/elfsight_testimonials_slider.php on line 245
2018-12-19 5:57:39 - PHP Warning:  Invalid argument supplied for foreach() in /var/www/html/nascenture/system/store/modification/system/engine/loader.php on line 83
2018-12-19 5:57:39 - PHP Notice:  Indirect modification of overloaded property ControllerExtensionModuleTestimonial::$data has no effect in /var/www/html/nascenture/admin/controller/extension/module/testimonial.php on line 30
2018-12-19 5:57:39 - PHP Notice:  Indirect modification of overloaded property ControllerExtensionModuleTestimonial::$data has no effect in /var/www/html/nascenture/admin/controller/extension/module/testimonial.php on line 38
2018-12-19 5:57:39 - PHP Notice:  Indirect modification of overloaded property ControllerExtensionModuleTestimonial::$data has no effect in /var/www/html/nascenture/admin/controller/extension/module/testimonial.php on line 44
2018-12-19 5:57:39 - PHP Notice:  Undefined index: token in /var/www/html/nascenture/admin/controller/extension/module/testimonial.php on line 48
2018-12-19 5:57:39 - PHP Notice:  Indirect modification of overloaded property ControllerExtensionModuleTestimonial::$data has no effect in /var/www/html/nascenture/admin/controller/extension/module/testimonial.php on line 46
2018-12-19 5:57:39 - PHP Notice:  Undefined index: token in /var/www/html/nascenture/admin/controller/extension/module/testimonial.php on line 54
2018-12-19 5:57:39 - PHP Notice:  Indirect modification of overloaded property ControllerExtensionModuleTestimonial::$data has no effect in /var/www/html/nascenture/admin/controller/extension/module/testimonial.php on line 52
2018-12-19 5:57:39 - PHP Notice:  Undefined index: token in /var/www/html/nascenture/admin/controller/extension/module/testimonial.php on line 60
2018-12-19 5:57:39 - PHP Notice:  Indirect modification of overloaded property ControllerExtensionModuleTestimonial::$data has no effect in /var/www/html/nascenture/admin/controller/extension/module/testimonial.php on line 58
2018-12-19 5:57:39 - PHP Notice:  Undefined index: token in /var/www/html/nascenture/admin/controller/extension/module/testimonial.php on line 66
2018-12-19 5:57:39 - PHP Notice:  Indirect modification of overloaded property ControllerExtensionModuleTestimonial::$data has no effect in /var/www/html/nascenture/admin/controller/extension/module/testimonial.php on line 66
2018-12-19 5:57:39 - PHP Notice:  Undefined index: token in /var/www/html/nascenture/admin/controller/extension/module/testimonial.php on line 68
2018-12-19 5:57:39 - PHP Notice:  Indirect modification of overloaded property ControllerExtensionModuleTestimonial::$data has no effect in /var/www/html/nascenture/admin/controller/extension/module/testimonial.php on line 68
2018-12-19 5:57:39 - PHP Notice:  Indirect modification of overloaded property ControllerExtensionModuleTestimonial::$data has no effect in /var/www/html/nascenture/admin/controller/extension/module/testimonial.php on line 76
2018-12-19 5:57:39 - PHP Notice:  Indirect modification of overloaded property ControllerExtensionModuleTestimonial::$data has no effect in /var/www/html/nascenture/admin/controller/extension/module/testimonial.php on line 80
2018-12-19 5:59:05 - PHP Warning:  Invalid argument supplied for foreach() in /var/www/html/nascenture/system/store/modification/system/engine/loader.php on line 83
2018-12-19 5:59:05 - PHP Notice:  Indirect modification of overloaded property ControllerExtensionModuleTestimonial::$data has no effect in /var/www/html/nascenture/admin/controller/extension/module/testimonial.php on line 30
2018-12-19 5:59:05 - PHP Notice:  Indirect modification of overloaded property ControllerExtensionModuleTestimonial::$data has no effect in /var/www/html/nascenture/admin/controller/extension/module/testimonial.php on line 38
2018-12-19 5:59:05 - PHP Notice:  Indirect modification of overloaded property ControllerExtensionModuleTestimonial::$data has no effect in /var/www/html/nascenture/admin/controller/extension/module/testimonial.php on line 44
2018-12-19 5:59:05 - PHP Notice:  Indirect modification of overloaded property ControllerExtensionModuleTestimonial::$data has no effect in /var/www/html/nascenture/admin/controller/extension/module/testimonial.php on line 46
2018-12-19 5:59:05 - PHP Notice:  Indirect modification of overloaded property ControllerExtensionModuleTestimonial::$data has no effect in /var/www/html/nascenture/admin/controller/extension/module/testimonial.php on line 52
2018-12-19 5:59:05 - PHP Notice:  Indirect modification of overloaded property ControllerExtensionModuleTestimonial::$data has no effect in /var/www/html/nascenture/admin/controller/extension/module/testimonial.php on line 58
2018-12-19 5:59:21 - PHP Warning:  Invalid argument supplied for foreach() in /var/www/html/nascenture/system/store/modification/system/engine/loader.php on line 83
2018-12-19 5:59:21 - PHP Notice:  Indirect modification of overloaded property ControllerExtensionModuleTestimonial::$data has no effect in /var/www/html/nascenture/admin/controller/extension/module/testimonial.php on line 30
2018-12-19 5:59:21 - PHP Notice:  Indirect modification of overloaded property ControllerExtensionModuleTestimonial::$data has no effect in /var/www/html/nascenture/admin/controller/extension/module/testimonial.php on line 38
2018-12-19 5:59:21 - PHP Notice:  Indirect modification of overloaded property ControllerExtensionModuleTestimonial::$data has no effect in /var/www/html/nascenture/admin/controller/extension/module/testimonial.php on line 44
2018-12-19 5:59:21 - PHP Notice:  Indirect modification of overloaded property ControllerExtensionModuleTestimonial::$data has no effect in /var/www/html/nascenture/admin/controller/extension/module/testimonial.php on line 46
2018-12-19 5:59:21 - PHP Notice:  Indirect modification of overloaded property ControllerExtensionModuleTestimonial::$data has no effect in /var/www/html/nascenture/admin/controller/extension/module/testimonial.php on line 52
2018-12-19 5:59:21 - PHP Notice:  Indirect modification of overloaded property ControllerExtensionModuleTestimonial::$data has no effect in /var/www/html/nascenture/admin/controller/extension/module/testimonial.php on line 58
2018-12-19 6:00:08 - PHP Warning:  Invalid argument supplied for foreach() in /var/www/html/nascenture/system/store/modification/system/engine/loader.php on line 83
2018-12-19 6:00:08 - PHP Notice:  Indirect modification of overloaded property ControllerExtensionModuleTestimonial::$data has no effect in /var/www/html/nascenture/admin/controller/extension/module/testimonial.php on line 30
2018-12-19 6:00:08 - PHP Notice:  Indirect modification of overloaded property ControllerExtensionModuleTestimonial::$data has no effect in /var/www/html/nascenture/admin/controller/extension/module/testimonial.php on line 38
2018-12-19 6:00:08 - PHP Notice:  Indirect modification of overloaded property ControllerExtensionModuleTestimonial::$data has no effect in /var/www/html/nascenture/admin/controller/extension/module/testimonial.php on line 44
2018-12-19 6:00:08 - PHP Notice:  Indirect modification of overloaded property ControllerExtensionModuleTestimonial::$data has no effect in /var/www/html/nascenture/admin/controller/extension/module/testimonial.php on line 46
2018-12-19 6:00:08 - PHP Notice:  Indirect modification of overloaded property ControllerExtensionModuleTestimonial::$data has no effect in /var/www/html/nascenture/admin/controller/extension/module/testimonial.php on line 52
2018-12-19 6:00:08 - PHP Notice:  Indirect modification of overloaded property ControllerExtensionModuleTestimonial::$data has no effect in /var/www/html/nascenture/admin/controller/extension/module/testimonial.php on line 58
2018-12-19 6:00:29 - PHP Warning:  Invalid argument supplied for foreach() in /var/www/html/nascenture/system/store/modification/system/engine/loader.php on line 83
2018-12-19 6:00:29 - PHP Notice:  Indirect modification of overloaded property ControllerExtensionModuleTestimonial::$data has no effect in /var/www/html/nascenture/admin/controller/extension/module/testimonial.php on line 30
2018-12-19 6:00:29 - PHP Notice:  Indirect modification of overloaded property ControllerExtensionModuleTestimonial::$data has no effect in /var/www/html/nascenture/admin/controller/extension/module/testimonial.php on line 38
2018-12-19 6:00:29 - PHP Notice:  Indirect modification of overloaded property ControllerExtensionModuleTestimonial::$data has no effect in /var/www/html/nascenture/admin/controller/extension/module/testimonial.php on line 44
2018-12-19 6:00:29 - PHP Notice:  Indirect modification of overloaded property ControllerExtensionModuleTestimonial::$data has no effect in /var/www/html/nascenture/admin/controller/extension/module/testimonial.php on line 46
2018-12-19 6:00:29 - PHP Notice:  Indirect modification of overloaded property ControllerExtensionModuleTestimonial::$data has no effect in /var/www/html/nascenture/admin/controller/extension/module/testimonial.php on line 52
2018-12-19 6:00:29 - PHP Notice:  Indirect modification of overloaded property ControllerExtensionModuleTestimonial::$data has no effect in /var/www/html/nascenture/admin/controller/extension/module/testimonial.php on line 58
2018-12-19 6:01:32 - PHP Warning:  Invalid argument supplied for foreach() in /var/www/html/nascenture/system/store/modification/system/engine/loader.php on line 83
2018-12-19 6:01:32 - PHP Notice:  Indirect modification of overloaded property ControllerExtensionModuleTestimonial::$data has no effect in /var/www/html/nascenture/admin/controller/extension/module/testimonial.php on line 30
2018-12-19 6:01:32 - PHP Notice:  Indirect modification of overloaded property ControllerExtensionModuleTestimonial::$data has no effect in /var/www/html/nascenture/admin/controller/extension/module/testimonial.php on line 38
2018-12-19 6:01:32 - PHP Notice:  Indirect modification of overloaded property ControllerExtensionModuleTestimonial::$data has no effect in /var/www/html/nascenture/admin/controller/extension/module/testimonial.php on line 44
2018-12-19 6:01:32 - PHP Notice:  Indirect modification of overloaded property ControllerExtensionModuleTestimonial::$data has no effect in /var/www/html/nascenture/admin/controller/extension/module/testimonial.php on line 46
2018-12-19 6:01:32 - PHP Notice:  Indirect modification of overloaded property ControllerExtensionModuleTestimonial::$data has no effect in /var/www/html/nascenture/admin/controller/extension/module/testimonial.php on line 52
2018-12-19 6:01:32 - PHP Notice:  Indirect modification of overloaded property ControllerExtensionModuleTestimonial::$data has no effect in /var/www/html/nascenture/admin/controller/extension/module/testimonial.php on line 58
2018-12-19 6:02:05 - PHP Warning:  Invalid argument supplied for foreach() in /var/www/html/nascenture/system/store/modification/system/engine/loader.php on line 83
2018-12-19 6:02:05 - PHP Notice:  Indirect modification of overloaded property ControllerExtensionModuleTestimonial::$data has no effect in /var/www/html/nascenture/admin/controller/extension/module/testimonial.php on line 30
2018-12-19 6:02:05 - PHP Notice:  Indirect modification of overloaded property ControllerExtensionModuleTestimonial::$data has no effect in /var/www/html/nascenture/admin/controller/extension/module/testimonial.php on line 38
2018-12-19 6:02:21 - PHP Warning:  Invalid argument supplied for foreach() in /var/www/html/nascenture/system/store/modification/system/engine/loader.php on line 83
2018-12-19 6:03:13 - PHP Warning:  Invalid argument supplied for foreach() in /var/www/html/nascenture/system/store/modification/system/engine/loader.php on line 83
2018-12-19 6:03:15 - PHP Warning:  Invalid argument supplied for foreach() in /var/www/html/nascenture/system/store/modification/system/engine/loader.php on line 83
2018-12-19 6:03:55 - PHP Warning:  Invalid argument supplied for foreach() in /var/www/html/nascenture/system/store/modification/system/engine/loader.php on line 83
2018-12-19 6:06:42 - PHP Warning:  Invalid argument supplied for foreach() in /var/www/html/nascenture/system/store/modification/system/engine/loader.php on line 83
2018-12-19 6:08:33 - PHP Warning:  Invalid argument supplied for foreach() in /var/www/html/nascenture/system/store/modification/system/engine/loader.php on line 83
2018-12-19 6:09:58 - PHP Warning:  Invalid argument supplied for foreach() in /var/www/html/nascenture/system/store/modification/system/engine/loader.php on line 83
2018-12-19 6:10:33 - PHP Warning:  Invalid argument supplied for foreach() in /var/www/html/nascenture/system/store/modification/system/engine/loader.php on line 83
2018-12-19 6:10:33 - PHP Warning:  Invalid argument supplied for foreach() in /var/www/html/nascenture/system/store/modification/system/engine/loader.php on line 83
2018-12-19 6:11:52 - PHP Warning:  Invalid argument supplied for foreach() in /var/www/html/nascenture/system/store/modification/system/engine/loader.php on line 83
2018-12-19 6:11:57 - PHP Warning:  Invalid argument supplied for foreach() in /var/www/html/nascenture/system/store/modification/system/engine/loader.php on line 83
2018-12-19 6:13:40 - PHP Warning:  Invalid argument supplied for foreach() in /var/www/html/nascenture/system/store/modification/system/engine/loader.php on line 83
2018-12-19 6:23:24 - PHP Warning:  Invalid argument supplied for foreach() in /var/www/html/nascenture/system/store/modification/system/engine/loader.php on line 83
2018-12-19 6:35:47 - PHP Warning:  Invalid argument supplied for foreach() in /var/www/html/nascenture/system/store/modification/system/engine/loader.php on line 83
2018-12-19 6:35:55 - PHP Warning:  Invalid argument supplied for foreach() in /var/www/html/nascenture/system/store/modification/system/engine/loader.php on line 83
2018-12-19 6:50:36 - PHP Warning:  Invalid argument supplied for foreach() in /var/www/html/nascenture/system/store/modification/system/engine/loader.php on line 83
2018-12-19 6:51:39 - PHP Warning:  Invalid argument supplied for foreach() in /var/www/html/nascenture/system/store/modification/system/engine/loader.php on line 83
2018-12-19 6:51:58 - PHP Warning:  Invalid argument supplied for foreach() in /var/www/html/nascenture/system/store/modification/system/engine/loader.php on line 83
2018-12-19 6:52:19 - PHP Warning:  Invalid argument supplied for foreach() in /var/www/html/nascenture/system/store/modification/system/engine/loader.php on line 83
2018-12-19 7:55:09 - PHP Notice:  Undefined variable: description in /var/www/html/nascenture/admin/model/testimonial/testimonial.php on line 4
2018-12-19 7:57:48 - PHP Notice:  Undefined variable: description in /var/www/html/nascenture/admin/model/testimonial/testimonial.php on line 4
2018-12-19 9:26:26 - PHP Notice:  Undefined index: description in /var/www/html/nascenture/admin/model/testimonial/testimonial.php on line 4
2018-12-19 10:36:45 - PHP Notice:  Undefined index: description in /var/www/html/nascenture/admin/model/testimonial/testimonial.php on line 4
2018-12-19 11:02:21 - PHP Notice:  Undefined index: description in /var/www/html/nascenture/admin/model/testimonial/testimonial.php on line 4
2018-12-19 11:11:51 - PHP Notice:  Undefined index: description in /var/www/html/nascenture/admin/model/testimonial/testimonial.php on line 4
2018-12-19 12:16:40 - PHP Notice:  Undefined index: description in /var/www/html/nascenture/admin/model/testimonial/testimonial.php on line 4
2018-12-19 12:41:08 - PHP Notice:  Undefined index: description in /var/www/html/nascenture/admin/model/testimonial/testimonial.php on line 4
2018-12-19 12:52:27 - PHP Notice:  Undefined index: description in /var/www/html/nascenture/admin/model/setting/module.php on line 6
2018-12-20 4:57:23 - PHP Notice:  Undefined index: module_id in /var/www/html/nascenture/admin/controller/extension/module/testimonial.php on line 18
2018-12-20 5:04:15 - PHP Notice:  Undefined index: module_id in /var/www/html/nascenture/admin/controller/extension/module/testimonial.php on line 18
2018-12-20 5:04:15 - PHP Notice:  Undefined index: testimonial_id in /var/www/html/nascenture/admin/model/setting/module.php on line 22
2018-12-20 5:05:56 - PHP Notice:  Undefined index: module_id in /var/www/html/nascenture/admin/controller/extension/module/testimonial.php on line 18
2018-12-20 5:05:56 - PHP Notice:  Undefined index: testimonial_id in /var/www/html/nascenture/admin/model/setting/module.php on line 22
2018-12-20 5:06:31 - PHP Notice:  Undefined index: module_id in /var/www/html/nascenture/admin/controller/extension/module/testimonial.php on line 18
2018-12-20 5:06:44 - PHP Notice:  Undefined index: module_id in /var/www/html/nascenture/admin/controller/extension/module/testimonial.php on line 18
2018-12-20 5:27:35 - PHP Notice:  Undefined variable: module_id in /var/www/html/nascenture/admin/model/setting/module.php on line 7
2018-12-20 5:27:35 - PHP Unknown:  Object of class stdClass could not be converted to string in /var/www/html/nascenture/admin/model/setting/module.php on line 9
2018-12-20 5:28:23 - PHP Notice:  Undefined variable: module_id in /var/www/html/nascenture/admin/model/setting/module.php on line 7
2018-12-20 5:45:46 - PHP Notice:  Undefined variable: address in /var/www/html/nascenture/admin/controller/extension/module/testimonial.php on line 15
2018-12-20 5:47:37 - PHP Notice:  Undefined variable: address in /var/www/html/nascenture/admin/controller/extension/module/testimonial.php on line 15
2018-12-20 6:17:44 - PHP Notice:  Undefined index: module_id in /var/www/html/nascenture/admin/controller/extension/module/testimonial.php on line 18
2018-12-20 6:23:36 - PHP Notice:  Undefined index: module_id in /var/www/html/nascenture/admin/controller/extension/module/testimonial.php on line 18
